Flow report for jtgng
Sat Oct 12 19:26:13 2019
Quartus II 64-Bit Version 13.1.0 Build 162 10/23/2013 SJ Web Edition


---------------------
; Table of Contents ;
---------------------
  1. Legal Notice
  2. Flow Summary
  3. Flow Settings
  4. Flow Non-Default Global Settings
  5. Flow Elapsed Time
  6. Flow OS Summary
  7. Flow Log
  8. Flow Messages
  9. Flow Suppressed Messages



----------------
; Legal Notice ;
----------------
Copyright (C) 1991-2013 Altera Corporation
Your use of Altera Corporation's design tools, logic functions 
and other software and tools, and its AMPP partner logic 
functions, and any output files from any of the foregoing 
(including device programming or simulation files), and any 
associated documentation or information are expressly subject 
to the terms and conditions of the Altera Program License 
Subscription Agreement, Altera MegaCore Function License 
Agreement, or other applicable license agreement, including, 
without limitation, that your use is for the sole purpose of 
programming logic devices manufactured by Altera and sold by 
Altera or its authorized distributors.  Please refer to the 
applicable agreement for further details.



+---------------------------------------------------------------------------------+
; Flow Summary                                                                    ;
+------------------------------------+--------------------------------------------+
; Flow Status                        ; Successful - Sat Oct 12 19:26:01 2019      ;
; Quartus II 64-Bit Version          ; 13.1.0 Build 162 10/23/2013 SJ Web Edition ;
; Revision Name                      ; jtgng                                      ;
; Top-level Entity Name              ; jtgng_mc2                                  ;
; Family                             ; Cyclone IV E                               ;
; Device                             ; EP4CE22F17C8                               ;
; Timing Models                      ; Final                                      ;
; Total logic elements               ; 12,877 / 22,320 ( 58 % )                   ;
;     Total combinational functions  ; 12,102 / 22,320 ( 54 % )                   ;
;     Dedicated logic registers      ; 5,563 / 22,320 ( 25 % )                    ;
; Total registers                    ; 5620                                       ;
; Total pins                         ; 132 / 154 ( 86 % )                         ;
; Total virtual pins                 ; 0                                          ;
; Total memory bits                  ; 156,076 / 608,256 ( 26 % )                 ;
; Embedded Multiplier 9-bit elements ; 0 / 132 ( 0 % )                            ;
; Total PLLs                         ; 1 / 4 ( 25 % )                             ;
+------------------------------------+--------------------------------------------+


+-----------------------------------------+
; Flow Settings                           ;
+-------------------+---------------------+
; Option            ; Setting             ;
+-------------------+---------------------+
; Start date & time ; 10/12/2019 19:23:16 ;
; Main task         ; Compilation         ;
; Revision Name     ; jtgng               ;
+-------------------+---------------------+


+----------------------------------------------------------------------------------------------------------------------+
; Flow Non-Default Global Settings                                                                                     ;
+-------------------------------------+--------------------------------+--------------------+-------------+------------+
; Assignment Name                     ; Value                          ; Default Value      ; Entity Name ; Section Id ;
+-------------------------------------+--------------------------------+--------------------+-------------+------------+
; COMPILER_SIGNATURE_ID               ; 31264775030918.157090099507132 ; --                 ; --          ; --         ;
; ENABLE_SIGNALTAP                    ; Off                            ; --                 ; --          ; --         ;
; MAX_CORE_JUNCTION_TEMP              ; 85                             ; --                 ; --          ; --         ;
; MIN_CORE_JUNCTION_TEMP              ; 0                              ; --                 ; --          ; --         ;
; OPTIMIZE_POWER_DURING_SYNTHESIS     ; Off                            ; Normal compilation ; --          ; --         ;
; OUTPUT_IO_TIMING_FAR_END_VMEAS      ; Half Signal Swing              ; --                 ; --          ; --         ;
; OUTPUT_IO_TIMING_FAR_END_VMEAS      ; Half Signal Swing              ; --                 ; --          ; --         ;
; OUTPUT_IO_TIMING_NEAR_END_VMEAS     ; Half Vccio                     ; --                 ; --          ; --         ;
; OUTPUT_IO_TIMING_NEAR_END_VMEAS     ; Half Vccio                     ; --                 ; --          ; --         ;
; PARTITION_COLOR                     ; 16764057                       ; --                 ; jtgng_mc2   ; Top        ;
; PARTITION_FITTER_PRESERVATION_LEVEL ; PLACEMENT_AND_ROUTING          ; --                 ; jtgng_mc2   ; Top        ;
; PARTITION_NETLIST_TYPE              ; SOURCE                         ; --                 ; jtgng_mc2   ; Top        ;
; PHYSICAL_SYNTHESIS_EFFORT           ; Fast                           ; Normal             ; --          ; --         ;
; POWER_BOARD_THERMAL_MODEL           ; None (CONSERVATIVE)            ; --                 ; --          ; --         ;
; POWER_PRESET_COOLING_SOLUTION       ; No Heat Sink With Still Air    ; --                 ; --          ; --         ;
; SEED                                ; 0                              ; 1                  ; --          ; --         ;
; TOP_LEVEL_ENTITY                    ; jtgng_mc2                      ; jtgng              ; --          ; --         ;
; USE_SIGNALTAP_FILE                  ; stp1.stp                       ; --                 ; --          ; --         ;
; VERILOG_MACRO                       ; CORENAME="JTGNG"               ; --                 ; --          ; --         ;
; VERILOG_MACRO                       ; MIST=<None>                    ; --                 ; --          ; --         ;
; VERILOG_MACRO                       ; HAS_TESTMODE=1                 ; --                 ; --          ; --         ;
; VERILOG_MACRO                       ; GAMETOP=jtgng_game             ; --                 ; --          ; --         ;
; VERILOG_MACRO                       ; MC2TOP=jtgng_mc2               ; --                 ; --          ; --         ;
; VERILOG_MACRO                       ; JT12=1                         ; --                 ; --          ; --         ;
; VERILOG_MACRO                       ; ROMDAT="P,gng.dat"             ; --                 ; --          ; --         ;
; VERILOG_MACRO                       ; ROMLEN=9                       ; --                 ; --          ; --         ;
; VERILOG_SHOW_LMF_MAPPING_MESSAGES   ; Off                            ; --                 ; --          ; --         ;
+-------------------------------------+--------------------------------+--------------------+-------------+------------+


+-------------------------------------------------------------------------------------------------------------------------------+
; Flow Elapsed Time                                                                                                             ;
+---------------------------+--------------+-------------------------+---------------------+------------------------------------+
; Module Name               ; Elapsed Time ; Average Processors Used ; Peak Virtual Memory ; Total CPU Time (on all processors) ;
+---------------------------+--------------+-------------------------+---------------------+------------------------------------+
; Analysis & Synthesis      ; 00:01:30     ; 1.0                     ; 4798 MB             ; 00:01:28                           ;
; Fitter                    ; 00:01:05     ; 1.0                     ; 5180 MB             ; 00:01:05                           ;
; Assembler                 ; 00:00:02     ; 1.0                     ; 4624 MB             ; 00:00:02                           ;
; TimeQuest Timing Analyzer ; 00:00:10     ; 1.0                     ; 4790 MB             ; 00:00:10                           ;
; Total                     ; 00:02:47     ; --                      ; --                  ; 00:02:45                           ;
+---------------------------+--------------+-------------------------+---------------------+------------------------------------+


+----------------------------------------------------------------------------------------+
; Flow OS Summary                                                                        ;
+---------------------------+------------------+-----------+------------+----------------+
; Module Name               ; Machine Hostname ; OS Name   ; OS Version ; Processor type ;
+---------------------------+------------------+-----------+------------+----------------+
; Analysis & Synthesis      ; DESKTOP-C1K47OA  ; Windows 7 ; 6.2        ; x86_64         ;
; Fitter                    ; DESKTOP-C1K47OA  ; Windows 7 ; 6.2        ; x86_64         ;
; Assembler                 ; DESKTOP-C1K47OA  ; Windows 7 ; 6.2        ; x86_64         ;
; TimeQuest Timing Analyzer ; DESKTOP-C1K47OA  ; Windows 7 ; 6.2        ; x86_64         ;
+---------------------------+------------------+-----------+------------+----------------+


------------
; Flow Log ;
------------
quartus_map --read_settings_files=on --write_settings_files=off jtgng -c jtgng
quartus_fit --read_settings_files=off --write_settings_files=off jtgng -c jtgng
quartus_asm --read_settings_files=off --write_settings_files=off jtgng -c jtgng
quartus_sta jtgng -c jtgng



