cps1          	mister	20200521	1	FAIL	e97c804	53de635
cps1          	mister	20200521	1	PASS	e97c804	53de635
cps1          	mister	20200521	1	FAIL	1f18893	97eb0eb
cps1          	sidi	20200521	1	FAIL	0a7105b	97eb0eb
cps1          	sidi	20200521	1	PASS	0a7105b	97eb0eb
cps1          	mist	20200521	1	PASS	18026b7	613d6c1
cps1          	mister	20200521	1	FAIL	18026b7	613d6c1
cps1          	mister	20200521	1	FAIL	18026b7	613d6c1
cps1          	mister	20200521	1	FAIL	18026b7	613d6c1
cps1          	mister	20200521	1	FAIL	18026b7	613d6c1
cps1          	mister	20200521	1	FAIL	18026b7	613d6c1
cps1          	mister	20200521	1	FAIL	18026b7	613d6c1
cps1          	mister	20200521	1	FAIL	18026b7	613d6c1
cps1          	mister	20200521	1	FAIL	18026b7	613d6c1
cps1          	mister	20200521	1	FAIL	18026b7	613d6c1
cps1          	mister	20200521	1	FAIL	18026b7	613d6c1
cps1          	mister	20200521	1	FAIL	18026b7	613d6c1
cps1          	mister	20200521	1	FAIL	18026b7	613d6c1
cps1          	mister	20200521	32664	FAIL	18026b7	d2f7220
cps1          	mister	20200521	10562	FAIL	18026b7	d2f7220
cps1          	mister	20200521	12169	FAIL	18026b7	d2f7220
cps1          	mister	20200521	11489	FAIL	18026b7	d2f7220
cps1          	mister	20200521	14522	FAIL	18026b7	d2f7220
cps1          	mister	20200521	21896	FAIL	18026b7	d2f7220
cps1          	mister	20200521	29841	FAIL	18026b7	d2f7220
cps1          	mister	20200522	23894	FAIL	18026b7	d2f7220
cps1          	mister	20200522	24395	FAIL	18026b7	d2f7220
cps1          	mister	20200522	13653	FAIL	18026b7	d2f7220
cps1          	mister	20200522	30055	FAIL	18026b7	d2f7220
cps1          	mister	20200522	27851	FAIL	18026b7	d2f7220
cps1          	mister	20200522	25537	FAIL	18026b7	d2f7220
cps1          	mister	20200522	19275	FAIL	18026b7	d2f7220
cps1          	mister	20200522	28510	FAIL	18026b7	d2f7220
cps1          	mister	20200522	18382	FAIL	18026b7	d2f7220
cps1          	mister	20200522	2231	FAIL	18026b7	d2f7220
cps1          	mister	20200522	8733	FAIL	18026b7	d2f7220
cps1          	mister	20200522	31182	FAIL	18026b7	d2f7220
cps1          	mister	20200522	10331	FAIL	18026b7	d2f7220
cps1          	mister	20200522	3588	FAIL	18026b7	d2f7220
cps1          	mister	20200522	20733	FAIL	18026b7	d2f7220
cps1          	mister	20200522	29213	FAIL	18026b7	d2f7220
cps1          	mister	20200522	31936	FAIL	18026b7	d2f7220
cps1          	mister	20200522	29154	FAIL	18026b7	d2f7220
cps1          	mister	20200522	4515	FAIL	18026b7	d2f7220
cps1          	mister	20200522	16688	FAIL	18026b7	d2f7220
cps1          	mister	20200522	98	FAIL	18026b7	d2f7220
cps1          	mister	20200522	8450	FAIL	18026b7	d2f7220
cps1          	mist	20200522	1	PASS	18026b7	d2f7220
cps1          	mister	20200522	4515	FAIL	18026b7	d2f7220
cps1          	mister	20200522	1	FAIL	18026b7	d2f7220
cps1          	mister	20200522	1	FAIL	18026b7	d2f7220
cps1          	mister	20200522	25655	FAIL	c8d6e07	11de7f9
cps1          	mister	20200522	4259	FAIL	c8d6e07	11de7f9
cps1          	mister	20200522	18653	FAIL	c8d6e07	11de7f9
cps1          	mister	20200522	30061	FAIL	c8d6e07	11de7f9
cps1          	mister	20200522	9754	FAIL	c8d6e07	11de7f9
cps1          	mister	20200522	12835	FAIL	c8d6e07	11de7f9
cps1          	mister	20200522	26060	FAIL	c8d6e07	11de7f9
cps1          	mister	20200522	23416	FAIL	c8d6e07	11de7f9
cps1          	mister	20200522	17500	FAIL	c8d6e07	11de7f9
cps1          	mister	20200522	21807	FAIL	c8d6e07	11de7f9
cps1          	mister	20200522	30633	FAIL	c8d6e07	11de7f9
cps1          	mister	20200522	14518	FAIL	c8d6e07	11de7f9
cps1          	mister	20200522	22302	FAIL	c8d6e07	11de7f9
cps1          	mister	20200522	11302	FAIL	c8d6e07	11de7f9
cps1          	mister	20200522	24567	FAIL	c8d6e07	11de7f9
cps1          	mister	20200522	17465	FAIL	c8d6e07	11de7f9
cps1          	mister	20200522	27269	FAIL	c8d6e07	11de7f9
cps1          	mister	20200522	15208	FAIL	c8d6e07	11de7f9
cps1          	mister	20200522	2396	FAIL	c8d6e07	11de7f9
cps1          	sidi	20200522	1	PASS	c8d6e07	11de7f9
cps1          	mist	20200522	1	PASS	c8d6e07	11de7f9
cps1          	mister	20200522	14909	FAIL	c8d6e07	11de7f9
cps1          	mister	20200522	3479	FAIL	c8d6e07	11de7f9
cps1          	mister	20200522	14107	FAIL	c8d6e07	11de7f9
cps1          	mist	20200524	1	PASS	97186b8	d03a01c
cps1          	mist	20200524	1	FAIL	97186b8	afc8808
cps1          	sidi	20200524	1	FAIL	26d741a	b69cdf8
cps1          	mist	20200525	1	PASS	26d741a	b69cdf8
cps1          	mist	20200601	1	PASS	5c512f1	b69cdf8
