Flow report for mpatrol
Thu Nov 08 00:55:19 2018
Quartus II 64-Bit Version 13.1.0 Build 162 10/23/2013 SJ Web Edition


---------------------
; Table of Contents ;
---------------------
  1. Legal Notice
  2. Flow Summary
  3. Flow Settings
  4. Flow Non-Default Global Settings
  5. Flow Elapsed Time
  6. Flow OS Summary
  7. Flow Log
  8. Flow Messages
  9. Flow Suppressed Messages



----------------
; Legal Notice ;
----------------
Copyright (C) 1991-2013 Altera Corporation
Your use of Altera Corporation's design tools, logic functions 
and other software and tools, and its AMPP partner logic 
functions, and any output files from any of the foregoing 
(including device programming or simulation files), and any 
associated documentation or information are expressly subject 
to the terms and conditions of the Altera Program License 
Subscription Agreement, Altera MegaCore Function License 
Agreement, or other applicable license agreement, including, 
without limitation, that your use is for the sole purpose of 
programming logic devices manufactured by Altera and sold by 
Altera or its authorized distributors.  Please refer to the 
applicable agreement for further details.



+---------------------------------------------------------------------------------+
; Flow Summary                                                                    ;
+------------------------------------+--------------------------------------------+
; Flow Status                        ; Successful - Thu Nov 08 00:55:02 2018      ;
; Quartus II 64-Bit Version          ; 13.1.0 Build 162 10/23/2013 SJ Web Edition ;
; Revision Name                      ; mpatrol                                    ;
; Top-level Entity Name              ; mpatrol                                    ;
; Family                             ; Cyclone IV E                               ;
; Device                             ; EP4CE22F17C8                               ;
; Timing Models                      ; Final                                      ;
; Total logic elements               ; 18,167 / 22,320 ( 81 % )                   ;
;     Total combinational functions  ; 17,333 / 22,320 ( 78 % )                   ;
;     Dedicated logic registers      ; 7,096 / 22,320 ( 32 % )                    ;
; Total registers                    ; 7096                                       ;
; Total pins                         ; 39 / 154 ( 25 % )                          ;
; Total virtual pins                 ; 0                                          ;
; Total memory bits                  ; 428,574 / 608,256 ( 70 % )                 ;
; Embedded Multiplier 9-bit elements ; 0 / 132 ( 0 % )                            ;
; Total PLLs                         ; 1 / 4 ( 25 % )                             ;
+------------------------------------+--------------------------------------------+


+-----------------------------------------+
; Flow Settings                           ;
+-------------------+---------------------+
; Option            ; Setting             ;
+-------------------+---------------------+
; Start date & time ; 11/08/2018 00:51:15 ;
; Main task         ; Compilation         ;
; Revision Name     ; mpatrol             ;
+-------------------+---------------------+


+-----------------------------------------------------------------------------------------------------------------+
; Flow Non-Default Global Settings                                                                                ;
+-------------------------------------+--------------------------------+---------------+-------------+------------+
; Assignment Name                     ; Value                          ; Default Value ; Entity Name ; Section Id ;
+-------------------------------------+--------------------------------+---------------+-------------+------------+
; COMPILER_SIGNATURE_ID               ; 53447161827430.154163467511540 ; --            ; --          ; --         ;
; ENABLE_SIGNALTAP                    ; On                             ; --            ; --          ; --         ;
; MAX_CORE_JUNCTION_TEMP              ; 85                             ; --            ; --          ; --         ;
; MIN_CORE_JUNCTION_TEMP              ; 0                              ; --            ; --          ; --         ;
; OUTPUT_IO_TIMING_FAR_END_VMEAS      ; Half Signal Swing              ; --            ; --          ; --         ;
; OUTPUT_IO_TIMING_FAR_END_VMEAS      ; Half Signal Swing              ; --            ; --          ; --         ;
; OUTPUT_IO_TIMING_NEAR_END_VMEAS     ; Half Vccio                     ; --            ; --          ; --         ;
; OUTPUT_IO_TIMING_NEAR_END_VMEAS     ; Half Vccio                     ; --            ; --          ; --         ;
; PARTITION_COLOR                     ; 16764057                       ; --            ; --          ; Top        ;
; PARTITION_FITTER_PRESERVATION_LEVEL ; PLACEMENT_AND_ROUTING          ; --            ; --          ; Top        ;
; PARTITION_NETLIST_TYPE              ; SOURCE                         ; --            ; --          ; Top        ;
; PRE_FLOW_SCRIPT_FILE                ; quartus_sh:src/build_id.tcl    ; --            ; --          ; --         ;
; PROJECT_OUTPUT_DIRECTORY            ; Output                         ; --            ; --          ; --         ;
; SEARCH_PATH                         ; device/cycloneiii/             ; --            ; --          ; --         ;
; SEARCH_PATH                         ; src/component/cpu/t80/         ; --            ; --          ; --         ;
; SEARCH_PATH                         ; src/component/ps2/             ; --            ; --          ; --         ;
; SEARCH_PATH                         ; src/component/sound/           ; --            ; --          ; --         ;
; SEARCH_PATH                         ; src/pace/                      ; --            ; --          ; --         ;
; SEARCH_PATH                         ; src/pace/stubs/                ; --            ; --          ; --         ;
; SEARCH_PATH                         ; src/pace/video/                ; --            ; --          ; --         ;
; SEARCH_PATH                         ; src/platform/m52/              ; --            ; --          ; --         ;
; SEARCH_PATH                         ; src/platform/m52/mpatrol/      ; --            ; --          ; --         ;
; SEARCH_PATH                         ; src/platform/m52/mpatrol/roms/ ; --            ; --          ; --         ;
; SEARCH_PATH                         ; src/target/mist/               ; --            ; --          ; --         ;
; SMART_RECOMPILE                     ; On                             ; Off           ; --          ; --         ;
; USE_SIGNALTAP_FILE                  ; stp1.stp                       ; --            ; --          ; --         ;
; VERILOG_INPUT_VERSION               ; SystemVerilog_2005             ; Verilog_2001  ; --          ; --         ;
; VERILOG_SHOW_LMF_MAPPING_MESSAGES   ; Off                            ; --            ; --          ; --         ;
; VHDL_INPUT_VERSION                  ; VHDL_2008                      ; VHDL_1993     ; --          ; --         ;
; VHDL_SHOW_LMF_MAPPING_MESSAGES      ; Off                            ; --            ; --          ; --         ;
+-------------------------------------+--------------------------------+---------------+-------------+------------+


+-------------------------------------------------------------------------------------------------------------------------------+
; Flow Elapsed Time                                                                                                             ;
+---------------------------+--------------+-------------------------+---------------------+------------------------------------+
; Module Name               ; Elapsed Time ; Average Processors Used ; Peak Virtual Memory ; Total CPU Time (on all processors) ;
+---------------------------+--------------+-------------------------+---------------------+------------------------------------+
; Analysis & Synthesis      ; 00:01:11     ; 1.0                     ; 4906 MB             ; 00:01:11                           ;
; Fitter                    ; 00:02:25     ; 1.0                     ; 5143 MB             ; 00:02:24                           ;
; Assembler                 ; 00:00:02     ; 1.0                     ; 4651 MB             ; 00:00:02                           ;
; TimeQuest Timing Analyzer ; 00:00:15     ; 1.0                     ; 4861 MB             ; 00:00:14                           ;
; Total                     ; 00:03:53     ; --                      ; --                  ; 00:03:51                           ;
+---------------------------+--------------+-------------------------+---------------------+------------------------------------+


+----------------------------------------------------------------------------------------+
; Flow OS Summary                                                                        ;
+---------------------------+------------------+-----------+------------+----------------+
; Module Name               ; Machine Hostname ; OS Name   ; OS Version ; Processor type ;
+---------------------------+------------------+-----------+------------+----------------+
; Analysis & Synthesis      ; DESKTOP-LDMKG1F  ; Windows 7 ; 6.2        ; x86_64         ;
; Fitter                    ; DESKTOP-LDMKG1F  ; Windows 7 ; 6.2        ; x86_64         ;
; Assembler                 ; DESKTOP-LDMKG1F  ; Windows 7 ; 6.2        ; x86_64         ;
; TimeQuest Timing Analyzer ; DESKTOP-LDMKG1F  ; Windows 7 ; 6.2        ; x86_64         ;
+---------------------------+------------------+-----------+------------+----------------+


------------
; Flow Log ;
------------
quartus_map --read_settings_files=on --write_settings_files=off mpatrol -c mpatrol
quartus_fit --read_settings_files=off --write_settings_files=off mpatrol -c mpatrol
quartus_asm --read_settings_files=off --write_settings_files=off mpatrol -c mpatrol
quartus_sta mpatrol -c mpatrol



