bubl          	mist	20200606	1	FAIL	97ad75a	c41ecd2
bubl          	mist	20200606	1	FAIL	97ad75a	c41ecd2
bubl          	mist	20200606	1	FAIL	97ad75a	c41ecd2
bubl          	mist	20200606	1	FAIL	97ad75a	c41ecd2
bubl          	mist	20200606	1	FAIL	97ad75a	c41ecd2
bubl          	mist	20200606	1	FAIL	97ad75a	c41ecd2
bubl          	mist	20200606	1	FAIL	97ad75a	c41ecd2
bubl          	mist	20200606	1	FAIL	97ad75a	c41ecd2
bubl          	mist	20200606	1	FAIL	97ad75a	c41ecd2
bubl          	mist	20200606	1	FAIL	97ad75a	c41ecd2
bubl          	mist	20200606	1	FAIL	97ad75a	c41ecd2
bubl          	mist	20200606	1	FAIL	97ad75a	c41ecd2
bubl          	mist	20200606	1	FAIL	97ad75a	c41ecd2
bubl          	mist	20200606	1	PASS	97ad75a	c41ecd2
bubl          	mist	20200607	1	PASS	f1d802a	cd2a623
bubl          	mist	20200607	1	PASS	e723f7f	cd2a623
bubl          	mist	20200607	1	PASS	23de33a	cd2a623
bubl          	mist	20200607	1	PASS	441f16e	cd2a623
bubl          	mist	20200607	1	PASS	4208a9c	cd2a623
bubl          	mist	20200608	1	PASS	ff46f30	cd2a623
bubl          	mist	20200608	1	PASS	74a7770	cd2a623
bubl          	mist	20200608	1	PASS	74a7770	cd2a623
bubl          	mist	20200608	1	PASS	3d25ded	cd2a623
bubl          	mist	20200608	1	PASS	bd2f43d	3164cd8
bubl          	mist	20200608	1	PASS	7f50247	e9ea365
bubl          	mist	20200608	1	PASS	7f50247	e9ea365
bubl          	mist	20200609	1	PASS	65840d2	e9ea365
bubl          	mister	20200609	1	FAIL	65840d2	e9ea365
bubl          	mister	20200609	1	FAIL	65840d2	e9ea365
bubl          	mister	20200609	1	PASS	65840d2	e9ea365
bubl          	mist	20200609	1	PASS	0b4cf0f	e9ea365
bubl          	mist	20200609	1	PASS	0b4cf0f	e9ea365
bubl          	mist	20200609	1	PASS	85ff832	e9ea365
bubl          	mist	20200609	1	PASS	d0ff19e	e9ea365
bubl          	mist	20200609	1	PASS	d0ff19e	e9ea365
bubl          	mist	20200609	1	PASS	d0ff19e	e9ea365
bubl          	mist	20200609	1	FAIL	d0ff19e	e9ea365
bubl          	mist	20200609	1	PASS	d0ff19e	e9ea365
bubl          	mist	20200609	1	PASS	d0ff19e	e9ea365
bubl          	mist	20200609	1	PASS	d0ff19e	e9ea365
bubl          	mist	20200609	1	PASS	006fee0	e9ea365
bubl          	mist	20200609	1	PASS	006fee0	e9ea365
bubl          	mist	20200609	1	PASS	006fee0	e9ea365
bubl          	mist	20200610	1	FAIL	006fee0	e9ea365
bubl          	mist	20200610	1	FAIL	006fee0	e9ea365
bubl          	mist	20200610	1	FAIL	006fee0	e9ea365
bubl          	mist	20200610	1	FAIL	6f1a12f	e9ea365
bubl          	mist	20200610	1	FAIL	6f1a12f	e9ea365
bubl          	mist	20200610	1	PASS	6f1a12f	e9ea365
bubl          	mist	20200610	1	PASS	2f0ec69	e9ea365
bubl          	mist	20200610	1	PASS	35da690	e9ea365
bubl          	mist	20200610	1	PASS	b6f8adf	e9ea365
bubl          	mist	20200611	1	PASS	5be0aa3	e9ea365
bubl          	mister	20200611	1	PASS	5be0aa3	e9ea365
bubl          	sidi	20200611	1	PASS	3344bb8	e9ea365
bubl          	mist	20200611	1	PASS	3344bb8	e9ea365
bubl          	mist	20200611	1	PASS	3344bb8	e9ea365
bubl          	mist	20200611	1	PASS	3344bb8	e9ea365
bubl          	mist	20200611	1	PASS	3344bb8	e9ea365
bubl          	mist	20200612	1	PASS	ddf511d	e9ea365
bubl          	mist	20200612	1	PASS	00720e1	e9ea365
bubl          	sidi	20200612	1	PASS	00720e1	e9ea365
bubl          	mister	20200612	1	PASS	00720e1	e9ea365
bubl          	mist	20200612	1	PASS	00720e1	e9ea365
bubl          	mist	20200612	1	PASS	00720e1	e9ea365
bubl          	mist	20200612	1	FAIL	00720e1	e9ea365
bubl          	mist	20200612	1	PASS	00720e1	e9ea365
bubl          	mist	20200612	1	PASS	00720e1	e9ea365
bubl          	mister	20200612	1	PASS	00720e1	e9ea365
bubl          	mist	20200612	1	PASS	00720e1	e9ea365
bubl          	sidi	20200612	1	PASS	00720e1	496d88a
bubl          	mister	20200612	1	PASS	00720e1	496d88a
bubl          	mister	20200612	1	PASS	00720e1	496d88a
bubl          	mister	20200612	1	FAIL	00720e1	496d88a
bubl          	mister	20200612	1	PASS	679b65d	496d88a
bubl          	mister	20200612	1	PASS	679b65d	496d88a
bubl          	mist	20200612	1	PASS	679b65d	496d88a
bubl          	mist	20200620	1	FAIL	679b65d	33db8bf
bubl          	mist	20200620	1	FAIL	679b65d	33db8bf
bubl          	mist	20200620	1	FAIL	679b65d	33db8bf
bubl          	mist	20200620	1	PASS	679b65d	33db8bf
bubl          	mist	20200620	1	PASS	679b65d	33db8bf
bubl          	mist	20200620	1	PASS	679b65d	33db8bf
bubl          	mister	20200620	1	PASS	679b65d	33db8bf
bubl          	mist	20200621	1	PASS	679b65d	33db8bf
bubl          	mist	20200621	1	PASS	679b65d	33db8bf
bubl          	mist	20200621	1	PASS	679b65d	33db8bf
bubl          	mist	20200621	1	PASS	679b65d	33db8bf
bubl          	mist	20200621	1	FAIL	1c9a805	33db8bf
bubl          	mist	20200621	1	PASS	1c9a805	33db8bf
bubl          	mist	20200621	1	FAIL	1c9a805	33db8bf
bubl          	mist	20200621	1	PASS	1c9a805	33db8bf
bubl          	mist	20200621	1	PASS	1c9a805	33db8bf
bubl          	mist	20200621	1	PASS	1c9a805	33db8bf
bubl          	mist	20200621	1	PASS	1c9a805	33db8bf
bubl          	mist	20200621	1	FAIL	1c9a805	33db8bf
bubl          	mist	20200621	1	PASS	1c9a805	33db8bf
bubl          	mist	20200621	1	PASS	1c9a805	33db8bf
bubl          	mist	20200621	1	PASS	d29cac4	33db8bf
bubl          	mist	20200622	1	PASS	d29cac4	33db8bf
bubl          	mist	20200622	1	FAIL	d29cac4	33db8bf
bubl          	mist	20200622	1	PASS	d29cac4	33db8bf
bubl          	mist	20200622	1	PASS	d29cac4	33db8bf
bubl          	mist	20200622	1	PASS	d29cac4	33db8bf
bubl          	mist	20200622	1	PASS	d29cac4	33db8bf
bubl          	mist	20200622	1	FAIL	d29cac4	33db8bf
bubl          	mist	20200622	1	PASS	d29cac4	33db8bf
bubl          	mist	20200622	1	PASS	d29cac4	33db8bf
bubl          	mist	20200622	1	PASS	d29cac4	33db8bf
bubl          	mist	20200622	1	PASS	d29cac4	33db8bf
bubl          	mist	20200623	1	PASS	d29cac4	33db8bf
bubl          	mister	20200623	1	PASS	d29cac4	33db8bf
bubl          	mist	20200623	1	PASS	d29cac4	33db8bf
bubl          	mist	20200623	1	PASS	d29cac4	33db8bf
bubl          	mist	20200624	1	FAIL	cbf7757	33db8bf
bubl          	mist	20200624	1	PASS	cbf7757	33db8bf
bubl          	mist	20200624	1	PASS	cbf7757	33db8bf
bubl          	mister	20200624	1	PASS	cbf7757	33db8bf
bubl          	mist	20200624	1	PASS	cbf7757	33db8bf
bubl          	mist	20200624	1	PASS	cbf7757	33db8bf
bubl          	mist	20200624	1	PASS	cbf7757	33db8bf
bubl          	mist	20200624	1	PASS	cbf7757	33db8bf
bubl          	mist	20200624	1	PASS	cbf7757	33db8bf
bubl          	mist	20200624	1	PASS	cbf7757	33db8bf
bubl          	mist	20200624	1	PASS	cbf7757	33db8bf
bubl          	mist	20200625	1	PASS	cbf7757	33db8bf
bubl          	mist	20200625	1	PASS	cbf7757	33db8bf
bubl          	mist	20200625	1	PASS	cbf7757	33db8bf
bubl          	mist	20200625	1	PASS	cbf7757	33db8bf
bubl          	mist	20200625	1	PASS	cbf7757	33db8bf
bubl          	mist	20200625	1	PASS	cbf7757	33db8bf
bubl          	mist	20200625	1	PASS	cbf7757	33db8bf
bubl          	mist	20200626	1	PASS	cbf7757	ef8cb71
bubl          	sidi	20200626	1	PASS	cbf7757	ef8cb71
bubl          	mister	20200626	1	PASS	cbf7757	ef8cb71
bubl          	mist	20200727	1	PASS	cbf7757	ef8cb71
bubl          	mist	20200727	1	PASS	cbf7757	ef8cb71
bubl          	mist	20200727	1	FAIL	cbf7757	ef8cb71
bubl          	mist	20200727	1	PASS	cbf7757	ef8cb71
bubl          	mist	20200727	1	PASS	cbf7757	ef8cb71
bubl          	mist	20200727	1	PASS	cbf7757	ef8cb71
bubl          	mist	20200727	1	PASS	0527ff5	ef8cb71
bubl          	mist	20200727	1	PASS	55f5acf	ef8cb71
bubl          	mist	20200727	1	PASS	55f5acf	ef8cb71
bubl          	mist	20200727	1	PASS	17238fe	ef8cb71
bubl          	mist	20200727	1	PASS	17238fe	ef8cb71
bubl          	mist	20200727	1	PASS	17238fe	ef8cb71
bubl          	mist	20200727	1	PASS	17238fe	ef8cb71
bubl          	mister	20200727	1	PASS	17238fe	ef8cb71
bubl          	mist	20200727	1	PASS	17238fe	ef8cb71
bubl          	mist	20200727	1	PASS	833293a	ef8cb71
bubl          	mist	20200728	1	PASS	833293a	ef8cb71
bubl          	mist	20200728	1	PASS	833293a	ef8cb71
bubl          	mister	20200729	1	PASS	c5ffcfb	ef8cb71
bubl          	mister	20200729	1	PASS	c5ffcfb	53de743
bubl          	mister	20200729	1	PASS	df26d61	c9fe0b1
bubl          	mist	20200729	1	PASS	df26d61	c9fe0b1
bubl          	mister	20200729	1	PASS	df26d61	c9fe0b1
bubl          	mister	20200729	1	PASS	c26d34b	c9fe0b1
bubl          	mister	20200729	1	PASS	c26d34b	c9fe0b1
bubl          	mister	20200729	1	PASS	c26d34b	c9fe0b1
bubl          	mister	20200729	1	FAIL	c26d34b	c9fe0b1
bubl          	mist	20200729	1	FAIL	52d0924	599e87c
bubl          	mister	20200729	1	FAIL	52d0924	599e87c
bubl          	mister	20200729	1	FAIL	52d0924	599e87c
bubl          	mist	20200729	1	FAIL	52d0924	599e87c
bubl          	mist	20200729	1	PASS	52d0924	599e87c
bubl          	mister	20200729	1	PASS	52d0924	599e87c
bubl          	mister	20200729	1	FAIL	52d0924	599e87c
bubl          	mister	20200729	1	PASS	52d0924	599e87c
bubl          	mister	20200729	1	PASS	52d0924	599e87c
bubl          	mister	20200730	1	PASS	52d0924	4b110e8
bubl          	mister	20200730	1	PASS	52d0924	4b110e8
bubl          	mister	20200730	1	PASS	52d0924	4b110e8
bubl          	mist	20200730	1	PASS	52d0924	4b110e8
bubl          	mister	20200730	1	PASS	52d0924	4b110e8
bubl          	mist	20200730	1	PASS	52d0924	4b110e8
bubl          	sidi	20200730	1	PASS	52d0924	4b110e8
bubl          	mister	20200730	1	PASS	52d0924	4b110e8
bubl          	mister	20200731	1	PASS	31604eb	c7e0939
bubl          	mist	20200815	1	PASS	f1d0c94	821e1f2
bubl          	sidi	20200815	1	PASS	f1d0c94	821e1f2
bubl          	mister	20200815	1	PASS	f1d0c94	821e1f2
bubl          	mister	20200815	1	PASS	f1d0c94	6956121
bubl          	mister	20200815	1	PASS	f1d0c94	821e1f2
bubl          	mister	20200815	1	PASS	f1d0c94	821e1f2
bubl          	mister	20200815	1	PASS	f1d0c94	dcd2e43
bubl          	mister	20200815	1	PASS	f1d0c94	dcd2e43
bubl          	mist	20200815	1	PASS	cde9897	0804378
bubl          	sidi	20200815	1	PASS	cde9897	0804378
bubl          	mister	20200815	1	PASS	cde9897	0804378
bubl          	mister	20200816	1	PASS	cde9897	0804378
bubl          	mist	20200830	1	PASS	cde9897	77fb4ce
bubl          	mist	20200901	1	FAIL	c29dfa9	77fb4ce
